2025-08-29T01:42:15.5151333Z,Updating submodules.,f021969c-cbd1-4bbe-9b6c-1a62ad3273fc,0
2025-08-29T01:42:15.7025189Z,Preparing deployment for commit id '94052ee1ff'.,53ece574-86d7-4508-8d8c-6827fbb5ab9f,0
2025-08-29T01:42:16.1868932Z,Generating deployment script.,8dba6b84-ca16-4c31-9e34-36a265b699c2,0
	2025-08-29T01:42:16.2806385Z,Using the following command to generate deployment script: 'azure site deploymentscript -y --no-dot-deployment -r "C:\local\Temp\zipdeploy\extracted" -o "C:\home\site\deployments\tools" --basic --sitePath "C:\local\Temp\zipdeploy\extracted"'.,,0
	2025-08-29T01:42:16.6244063Z,Generating deployment script for Web Site,,0
	2025-08-29T01:42:16.6868972Z,Generated deployment script files,,0
2025-08-29T01:42:16.9525331Z,Running deployment command...,57122313-0353-47ad-a481-11ad3da3d932,0
	2025-08-29T01:42:16.9994051Z,Command: "C:\home\site\deployments\tools\deploy.cmd",,0
	2025-08-29T01:42:17.8587860Z,Handling Basic Web Site deployment.,,0
	2025-08-29T01:42:17.9691584Z,Creating app_offline.htm,,0
	2025-08-29T01:42:18.0316701Z,KuduSync.NET from: 'C:\local\Temp\zipdeploy\extracted' to: 'C:\home\site\wwwroot',,0
	2025-08-29T01:42:18.0951540Z,Copying file: 'azure-functions\host.json',,0
	2025-08-29T01:42:18.1420734Z,Copying file: 'azure-functions\package-lock.json',,0
	2025-08-29T01:42:18.1889514Z,Copying file: 'azure-functions\package.json',,0
	2025-08-29T01:42:18.2829650Z,Copying file: 'azure-functions\tsconfig.json',,0
	2025-08-29T01:42:18.3295998Z,Copying file: 'azure-functions\dist\src\functions\metrics.js',,0
	2025-08-29T01:42:18.3764528Z,Copying file: 'azure-functions\dist\src\functions\metrics.js.map',,0
	2025-08-29T01:42:18.4598777Z,Copying file: 'azure-functions\src\functions\metrics.ts',,0
	2025-08-29T01:42:18.5067688Z,Deleting app_offline.htm,,0
	2025-08-29T01:42:18.5692726Z,Finished successfully.,,0
2025-08-29T01:42:19.0067256Z,Running post deployment command(s)...,851fd967-91a1-48b4-8e13-5f1aabb38844,0
2025-08-29T01:42:19.2411033Z,Triggering recycle (preview mode disabled).,984e1e86-d0c0-4e24-ba4e-d9e38b8c3dd4,0
2025-08-29T01:42:19.4754742Z,Deployment successful.,1b9637e0-8037-4a08-bff7-38bb1a89a45b,0
